Job ID: 7434910
Output Directory: /lustre/work/soh/alirezas/run1/OASYS/scripts/wildfire/output_7434910
Running on host: c2509.swan.hcc.unl.edu
Time is: Tue Sep 17 17:55:12 CDT 2024
Running with parameters: SETUP=1 START_RUN=1 STOP_RUN=5 EPSILON=0.0 TRAJECTORIES=10 HORIZON=5 UCB_C=25 PARTICLES
Step:  1 Fires: [2 2 2] Suppressants: [2 2]
Agent: 0 Internal State: 2 Iterations: 10
Action: 0 q: 29.7559037325 visits: 4 ucb1: 48.72374284981433
Action: 1 q: 23.762475 visits: 2 ucb1: 50.58705032861684
Action: 3 q: 20.471315832 visits: 3 ucb1: 42.373489872653884
Agent: 1 Internal State: 2 Iterations: 10
Action: 1 q: 20.2168791 visits: 4 ucb1: 39.184718217314334
Action: 2 q: 16.5146273325 visits: 3 ucb1: 38.41680137315389
Action: 3 q: 11.343408417000001 visits: 2 ucb1: 38.16798374561684
Configuration: [1 0 0 1 0 0]
Step:  2 Fires: [1 3 3] Suppressants: [1 1]
Agent: 0 Internal State: 1 Iterations: 10
Action: 0 q: 16.237334406875 visits: 4 ucb1: 35.205173524189334
Action: 1 q: 6.338150498749998 visits: 2 ucb1: 33.16272582736684
Action: 3 q: 10.482769570000002 visits: 3 ucb1: 32.384943610653885
Agent: 1 Internal State: 1 Iterations: 10
Action: 1 q: 11.150114665 visits: 3 ucb1: 33.052288705653886
Action: 2 q: 12.152244013333336 visits: 3 ucb1: 34.05441805398722
Action: 3 q: 16.364151482666664 visits: 3 ucb1: 38.266325523320546
Configuration: [1 0 0 0 0 1]
Step:  3 Fires: [0 3 3] Suppressants: [0 1]
Agent: 0 Internal State: 0 Iterations: 10
Action: 3 q: 3.129870838333333 visits: 9 ucb1: 15.775096916542887
Agent: 1 Internal State: 1 Iterations: 10
Action: 1 q: 5.397527434 visits: 4 ucb1: 24.36536655131433
Action: 2 q: -0.7041999166666666 visits: 3 ucb1: 21.19797412398722
Action: 3 q: -18.238967311000003 visits: 2 ucb1: 8.585608017616837
Configuration: [0 0 1 1 0 0]
Step:  4 Fires: [0 3 4] Suppressants: [0 1]
Agent: 0 Internal State: 0 Iterations: 10
Action: 3 q: -1.5361821116666663 visits: 9 ucb1: 11.109043966542888
Agent: 1 Internal State: 1 Iterations: 10
Action: 1 q: 2.0680010999999996 visits: 5 ucb1: 19.03335216103778
Action: 3 q: -10.2460349 visits: 4 ucb1: 8.72180421731433
Configuration: [0 0 1 1 0 0]
Step:  5 Fires: [0 3 4] Suppressants: [2 1]
Agent: 0 Internal State: 2 Iterations: 10
Action: 1 q: 13.594296727142858 visits: 7 ucb1: 27.93263535934189
Action: 3 q: -0.690119202 visits: 2 ucb1: 26.13445612661684
Agent: 1 Internal State: 1 Iterations: 10
Action: 1 q: -0.6344228023749999 visits: 4 ucb1: 18.33341631493933
Action: 3 q: 0.9262792800000001 visits: 5 ucb1: 17.891630341037782
Configuration: [0 1 0 0 0 1]
Step:  6 Fires: [0 3 4] Suppressants: [2 1]
Agent: 0 Internal State: 2 Iterations: 10
Action: 1 q: 6.539022582500001 visits: 6 ucb1: 22.026198369374328
Action: 3 q: 2.1041697593333337 visits: 3 ucb1: 24.006343799987217
Agent: 1 Internal State: 1 Iterations: 10
Action: 1 q: 3.6774995989999995 visits: 5 ucb1: 20.64285066003778
Action: 3 q: 2.0079254239999997 visits: 4 ucb1: 20.97576454131433
Configuration: [0 1 0 1 0 0]
Step:  7 Fires: [0 3 4] Suppressants: [2 1]
Agent: 0 Internal State: 2 Iterations: 10
Action: 1 q: 8.3469778995 visits: 5 ucb1: 25.312328960537783
Action: 3 q: 2.8519867994999997 visits: 4 ucb1: 21.81982591681433
Agent: 1 Internal State: 1 Iterations: 10
Action: 1 q: 3.4856302566666675 visits: 6 ucb1: 18.972806043540995
Action: 3 q: -0.542897984 visits: 3 ucb1: 21.359276056653886
Configuration: [0 1 0 1 0 0]
Step:  8 Fires: [0 2 4] Suppressants: [2 0]
Agent: 0 Internal State: 2 Iterations: 10
Action: 1 q: 15.604972585714288 visits: 7 ucb1: 29.94331121791332
Action: 3 q: 4.458435399000001 visits: 2 ucb1: 31.28301072761684
Agent: 1 Internal State: 0 Iterations: 10
Action: 3 q: 9.306081583333334 visits: 9 ucb1: 21.951307661542888
Configuration: [0 1 0 0 0 1]
Step:  9 Fires: [0 3 4] Suppressants: [2 2]
Agent: 0 Internal State: 2 Iterations: 10
Action: 1 q: 2.036190399 visits: 5 ucb1: 19.00154146003778
Action: 3 q: -15.311980780000003 visits: 4 ucb1: 3.6558583373143283
Agent: 1 Internal State: 2 Iterations: 10
Action: 1 q: 4.956102260000001 visits: 4 ucb1: 23.923941377314332
Action: 3 q: 5.049128379199999 visits: 5 ucb1: 22.01447944023778
Configuration: [0 1 0 0 0 1]
Step:  10 Fires: [0 3 4] Suppressants: [2 2]
Agent: 0 Internal State: 2 Iterations: 10
Action: 1 q: 5.7975800376 visits: 5 ucb1: 22.762931098637782
Action: 3 q: 3.3430950100000003 visits: 4 ucb1: 22.31093412731433
Agent: 1 Internal State: 2 Iterations: 10
Action: 1 q: 17.309410185714288 visits: 7 ucb1: 31.64774881791332
Action: 3 q: 1.6641701000000002 visits: 2 ucb1: 28.48874542861684
Configuration: [0 1 0 1 0 0]
Step:  11 Fires: [0 2 4] Suppressants: [2 1]
Agent: 0 Internal State: 2 Iterations: 10
Action: 1 q: 20.50512145392857 visits: 7 ucb1: 34.8434600861276
Action: 3 q: 4.6574352 visits: 2 ucb1: 31.48201052861684
Agent: 1 Internal State: 1 Iterations: 10
Action: 1 q: 15.2552489925 visits: 7 ucb1: 29.593587624699033
Action: 3 q: -0.4880997 visits: 2 ucb1: 26.33647562861684
Configuration: [0 1 0 1 0 0]
Step:  12 Fires: [2 1 4] Suppressants: [2 1]
Agent: 0 Internal State: 2 Iterations: 10
Action: 0 q: 13.723754946000001 visits: 3 ucb1: 35.62592898665389
Action: 1 q: 15.723779050000001 visits: 4 ucb1: 34.69161816731433
Action: 3 q: 7.489218429000001 visits: 2 ucb1: 34.31379375761684
Agent: 1 Internal State: 1 Iterations: 10
Action: 1 q: 37.11940021828571 visits: 7 ucb1: 51.457738850484745
Action: 3 q: 25.134605099999998 visits: 2 ucb1: 51.95918042861684
Configuration: [0 1 0 1 0 0]
Step:  13 Fires: [3 0 4] Suppressants: [2 0]
Agent: 0 Internal State: 2 Iterations: 10
Action: 0 q: 13.046328899999999 visits: 6 ucb1: 28.533504686874327
Action: 3 q: 4.683720026666666 visits: 3 ucb1: 26.585894067320552
Agent: 1 Internal State: 0 Iterations: 10
Action: 3 q: 5.729459566666667 visits: 9 ucb1: 18.37468564487622
Configuration: [1 0 0 0 0 1]
Step:  14 Fires: [2 0 4] Suppressants: [1 2]
Agent: 0 Internal State: 1 Iterations: 10
Action: 0 q: 12.12949797125 visits: 6 ucb1: 27.61667375812433
Action: 3 q: 3.7246347600000007 visits: 3 ucb1: 25.626808800653887
Agent: 1 Internal State: 2 Iterations: 10
Action: 3 q: -0.5990819560000001 visits: 9 ucb1: 12.046144122209554
Configuration: [1 0 0 0 0 1]
Step:  15 Fires: [1 0 4] Suppressants: [1 2]
Agent: 0 Internal State: 1 Iterations: 10
Action: 0 q: 16.0 visits: 5 ucb1: 32.96535106103778
Action: 3 q: 14.5949582295 visits: 4 ucb1: 33.56279734681433
Agent: 1 Internal State: 2 Iterations: 10
Action: 3 q: 7.465774976888889 visits: 9 ucb1: 20.11100105509844
Configuration: [1 0 0 0 0 1]
Step:  1 Fires: [2 2 2] Suppressants: [2 2]
Agent: 0 Internal State: 2 Iterations: 10
Action: 0 q: 15.290489015999999 visits: 3 ucb1: 37.192663056653885
Action: 1 q: 20.781554837999998 visits: 5 ucb1: 37.74690589903778
Action: 3 q: 7.331540039999999 visits: 1 ucb1: 45.26721827462866
Agent: 1 Internal State: 2 Iterations: 10
Action: 1 q: 27.013333974000005 visits: 6 ucb1: 42.50050976087433
Action: 2 q: -0.99 visits: 1 ucb1: 36.94567823462866
Action: 3 q: 5.01532812 visits: 2 ucb1: 31.83990344861684
Configuration: [0 1 0 1 0 0]
Step:  2 Fires: [3 1 3] Suppressants: [2 2]
Agent: 0 Internal State: 2 Iterations: 10
Action: 0 q: 3.9188209974999992 visits: 1 ucb1: 41.85449923212866
Action: 1 q: 27.18414455 visits: 7 ucb1: 41.52248318219903
Action: 3 q: -0.588139202 visits: 1 ucb1: 37.34753903262866
Agent: 1 Internal State: 2 Iterations: 10
Action: 1 q: 37.5085815395 visits: 7 ucb1: 51.84692017169903
Action: 2 q: 4.177627245 visits: 1 ucb1: 42.113305479628664
Action: 3 q: 2.5050167979999998 visits: 1 ucb1: 40.44069503262866
Configuration: [0 1 0 1 0 0]
Step:  3 Fires: [3 0 3] Suppressants: [2 2]
Agent: 0 Internal State: 2 Iterations: 10
Action: 0 q: 17.3399682745 visits: 5 ucb1: 34.30531933553778
Action: 3 q: 19.1618017445 visits: 4 ucb1: 38.12964086181433
Agent: 1 Internal State: 2 Iterations: 10
Action: 2 q: 19.888720914 visits: 7 ucb1: 34.22705954619903
Action: 3 q: 7.310496499 visits: 2 ucb1: 34.13507182761684
Configuration: [0 0 1 0 1 0]
Step:  4 Fires: [3 0 2] Suppressants: [2 1]
Agent: 0 Internal State: 2 Iterations: 10
Action: 0 q: 17.805475875 visits: 6 ucb1: 33.292651661874324
Action: 3 q: 12.474100053333334 visits: 3 ucb1: 34.37627409398722
Agent: 1 Internal State: 1 Iterations: 10
Action: 2 q: 11.473425928 visits: 5 ucb1: 28.43877698903778
Action: 3 q: 12.05541117 visits: 4 ucb1: 31.02325028731433
Configuration: [1 0 0 0 0 1]
Step:  5 Fires: [2 0 3] Suppressants: [2 1]
Agent: 0 Internal State: 2 Iterations: 10
Action: 0 q: 22.51991633208333 visits: 6 ucb1: 38.00709211895766
Action: 3 q: 15.17338462 visits: 3 ucb1: 37.07555866065388
Agent: 1 Internal State: 1 Iterations: 10
Action: 2 q: 11.21902632125 visits: 6 ucb1: 26.706202108124327
Action: 3 q: 6.019775583333333 visits: 3 ucb1: 27.921949623987217
Configuration: [1 0 0 0 1 0]
Step:  6 Fires: [1 0 3] Suppressants: [2 1]
Agent: 0 Internal State: 2 Iterations: 10
Action: 0 q: 20.3056218 visits: 4 ucb1: 39.27346091731433
Action: 3 q: 25.928433954700004 visits: 5 ucb1: 42.893785015737784
Agent: 1 Internal State: 1 Iterations: 10
Action: 2 q: 17.243120447000003 visits: 5 ucb1: 34.20847150803778
Action: 3 q: 13.40378006 visits: 4 ucb1: 32.37161917731433
Configuration: [0 0 1 0 1 0]
Step:  7 Fires: [2 2 2] Suppressants: [2 1]
Agent: 0 Internal State: 2 Iterations: 10
Action: 0 q: 24.7239638745 visits: 4 ucb1: 43.691802991814335
Action: 1 q: 23.505921626 visits: 3 ucb1: 45.408095666653885
Action: 3 q: 5.19608232 visits: 2 ucb1: 32.02065764861684
Agent: 1 Internal State: 1 Iterations: 10
Action: 1 q: 20.02963062375 visits: 4 ucb1: 38.99746974106433
Action: 2 q: -0.99 visits: 1 ucb1: 36.94567823462866
Action: 3 q: 12.933933259500002 visits: 4 ucb1: 31.901772376814332
Configuration: [1 0 0 1 0 0]
Step:  8 Fires: [1 3 3] Suppressants: [2 0]
Agent: 0 Internal State: 2 Iterations: 10
Action: 0 q: 32.261583475 visits: 5 ucb1: 49.22693453603778
Action: 1 q: 16.630987525 visits: 2 ucb1: 43.45556285361684
Action: 3 q: -11.028380916 visits: 2 ucb1: 15.79619441261684
Agent: 1 Internal State: 0 Iterations: 10
Action: 3 q: 14.161619360277777 visits: 9 ucb1: 26.806845438487333
Configuration: [1 0 0 0 0 1]
Step:  9 Fires: [0 3 3] Suppressants: [1 0]
Agent: 0 Internal State: 1 Iterations: 10
Action: 1 q: 11.2818982565 visits: 7 ucb1: 25.620236888699033
Action: 3 q: -9.859994501000001 visits: 2 ucb1: 16.96458082761684
Agent: 1 Internal State: 0 Iterations: 10
Action: 3 q: 2.051852125 visits: 9 ucb1: 14.697078203209553
Configuration: [0 1 0 0 0 1]
Step:  10 Fires: [0 3 3] Suppressants: [0 2]
Agent: 0 Internal State: 0 Iterations: 10
Action: 3 q: 1.1154891661111113 visits: 9 ucb1: 13.760715244320664
Agent: 1 Internal State: 2 Iterations: 10
Action: 1 q: -0.614905336 visits: 2 ucb1: 26.20966999261684
Action: 2 q: 10.841631665000001 visits: 4 ucb1: 29.80947078231433
Action: 3 q: -10.336071773333334 visits: 3 ucb1: 11.56610226732055
Configuration: [0 0 1 0 1 0]
Step:  11 Fires: [0 4 2] Suppressants: [2 1]
Agent: 0 Internal State: 2 Iterations: 10
Action: 3 q: 2.753894924 visits: 9 ucb1: 15.399121002209554
Agent: 1 Internal State: 1 Iterations: 10
Action: 2 q: 14.044351435714283 visits: 7 ucb1: 28.382690067913316
Action: 3 q: 1.5977590200000003 visits: 2 ucb1: 28.42233434861684
Configuration: [0 0 1 0 1 0]
Step:  12 Fires: [0 4 1] Suppressants: [2 0]
Agent: 0 Internal State: 2 Iterations: 10
Action: 3 q: 14.034811248666667 visits: 9 ucb1: 26.68003732687622
Agent: 1 Internal State: 0 Iterations: 10
Action: 3 q: 11.939409405 visits: 9 ucb1: 24.584635483209553
Configuration: [0 0 1 0 0 1]
Step:  13 Fires: [0 4 2] Suppressants: [2 2]
Agent: 0 Internal State: 2 Iterations: 10
Action: 3 q: 5.772462168 visits: 9 ucb1: 18.417688246209554
Agent: 1 Internal State: 2 Iterations: 10
Action: 2 q: 15.787464 visits: 6 ucb1: 31.274639786874328
Action: 3 q: 11.56596408 visits: 3 ucb1: 33.46813812065388
Configuration: [0 0 1 0 1 0]
Step:  14 Fires: [0 4 1] Suppressants: [2 2]
Agent: 0 Internal State: 2 Iterations: 10
Action: 3 q: 12.714757154888888 visits: 9 ucb1: 25.359983233098443
Agent: 1 Internal State: 2 Iterations: 10
Action: 2 q: 16.9393563125 visits: 4 ucb1: 35.90719542981433
Action: 3 q: 14.050948823999999 visits: 5 ucb1: 31.016299885037782
Configuration: [0 0 1 0 1 0]
Step:  15 Fires: [0 4 1] Suppressants: [2 2]
Agent: 0 Internal State: 2 Iterations: 10
Action: 3 q: 10.426942531555556 visits: 9 ucb1: 23.07216860976511
Agent: 1 Internal State: 2 Iterations: 10
Action: 2 q: 21.273599333333333 visits: 6 ucb1: 36.76077512020766
Action: 3 q: 15.60358404 visits: 3 ucb1: 37.505758080653884
Configuration: [0 0 1 0 1 0]
Step:  1 Fires: [2 2 2] Suppressants: [2 2]
Agent: 0 Internal State: 2 Iterations: 10
Action: 0 q: 23.605307859375 visits: 4 ucb1: 42.57314697668933
Action: 1 q: 10.697534991000001 visits: 3 ucb1: 32.59970903165389
Action: 3 q: 14.917488399000003 visits: 2 ucb1: 41.742063727616845
Agent: 1 Internal State: 2 Iterations: 10
Action: 1 q: 22.881364819499996 visits: 4 ucb1: 41.84920393681433
Action: 2 q: 29.662264829999998 visits: 3 ucb1: 51.56443887065388
Action: 3 q: 13.230328419 visits: 2 ucb1: 40.05490374761684
Configuration: [1 0 0 0 1 0]
Step:  2 Fires: [1 3 1] Suppressants: [2 2]
Agent: 0 Internal State: 2 Iterations: 10
Action: 0 q: 29.066666666666666 visits: 3 ucb1: 50.96884070732055
Action: 1 q: 21.507726364333333 visits: 3 ucb1: 43.40990040498722
Action: 3 q: 25.520169706 visits: 3 ucb1: 47.42234374665389
Agent: 1 Internal State: 2 Iterations: 10
Action: 1 q: 24.087735699 visits: 2 ucb1: 50.91231102761684
Action: 2 q: 38.7318706986 visits: 5 ucb1: 55.69722175963778
Action: 3 q: 22.04300924 visits: 2 ucb1: 48.86758456861684
Configuration: [1 0 0 0 1 0]
Step:  3 Fires: [0 3 0] Suppressants: [2 2]
Agent: 0 Internal State: 2 Iterations: 10
Action: 1 q: 12.582979913642856 visits: 7 ucb1: 26.92131854584189
Action: 3 q: -6.996619581000002 visits: 2 ucb1: 19.827955747616837
Agent: 1 Internal State: 2 Iterations: 10
Action: 1 q: 4.355825184599999 visits: 5 ucb1: 21.32117624563778
Action: 3 q: -2.2851478500000004 visits: 4 ucb1: 16.68269126731433
Configuration: [0 1 0 1 0 0]
Step:  4 Fires: [0 2 0] Suppressants: [1 1]
Agent: 0 Internal State: 1 Iterations: 10
Action: 1 q: 15.664435368214285 visits: 7 ucb1: 30.002774000413318
Action: 3 q: 4.463365598999999 visits: 2 ucb1: 31.287940927616837
Agent: 1 Internal State: 1 Iterations: 10
Action: 1 q: 12.410338804285715 visits: 7 ucb1: 26.748677436484748
Action: 3 q: 1.1370725190000002 visits: 2 ucb1: 27.961647847616838
Configuration: [0 1 0 1 0 0]
Step:  5 Fires: [0 1 0] Suppressants: [1 1]
Agent: 0 Internal State: 1 Iterations: 10
Action: 1 q: 29.2730746234375 visits: 8 ucb1: 42.68536228774592
Action: 3 q: 0.0 visits: 1 ucb1: 37.93567823462866
Agent: 1 Internal State: 1 Iterations: 10
Action: 1 q: 24.83615909357143 visits: 7 ucb1: 39.17449772577046
Action: 3 q: 6.9854177250000005 visits: 2 ucb1: 33.80999305361684
Configuration: [0 1 0 1 0 0]
Step:  6 Fires: [0 0 0] Suppressants: [1 1]
Agent: 0 Internal State: 1 Iterations: 10
Action: 3 q: -4.1431250025 visits: 9 ucb1: 8.502101075709554
Agent: 1 Internal State: 1 Iterations: 10
Action: 3 q: 1.8263597219999994 visits: 9 ucb1: 14.471585800209553
Configuration: [0 0 1 0 0 1]
Step:  7 Fires: [0 0 0] Suppressants: [1 1]
Agent: 0 Internal State: 1 Iterations: 10
Action: 3 q: -15.477675377999997 visits: 9 ucb1: -2.8324492997904436
Agent: 1 Internal State: 1 Iterations: 10
Action: 3 q: -6.554651795999999 visits: 9 ucb1: 6.0905742822095545
Configuration: [0 0 1 0 0 1]
Step:  8 Fires: [0 0 0] Suppressants: [1 1]
Agent: 0 Internal State: 1 Iterations: 10
Action: 3 q: 0.703790208 visits: 9 ucb1: 13.349016286209554
Agent: 1 Internal State: 1 Iterations: 10
Action: 3 q: 0.85817556 visits: 9 ucb1: 13.503401638209553
Configuration: [0 0 1 0 0 1]
Step:  9 Fires: [0 0 0] Suppressants: [1 1]
Agent: 0 Internal State: 1 Iterations: 10
Action: 3 q: -0.8279449199999993 visits: 9 ucb1: 11.817281158209555
Agent: 1 Internal State: 1 Iterations: 10
Action: 3 q: 2.1519075599999997 visits: 9 ucb1: 14.797133638209553
Configuration: [0 0 1 0 0 1]
Step:  10 Fires: [0 0 0] Suppressants: [1 1]
Agent: 0 Internal State: 1 Iterations: 10
Action: 3 q: 0.8235018 visits: 9 ucb1: 13.468727878209554
Agent: 1 Internal State: 1 Iterations: 10
Action: 3 q: 0.4356 visits: 9 ucb1: 13.080826078209554
Configuration: [0 0 1 0 0 1]
Step:  11 Fires: [0 0 0] Suppressants: [1 1]
Agent: 0 Internal State: 1 Iterations: 10
Action: 3 q: -5.5130582320000014 visits: 9 ucb1: 7.132167846209552
Agent: 1 Internal State: 1 Iterations: 10
Action: 3 q: -4.78262664 visits: 9 ucb1: 7.862599438209553
Configuration: [0 0 1 0 0 1]
Step:  12 Fires: [0 0 0] Suppressants: [1 1]
Agent: 0 Internal State: 1 Iterations: 10
Action: 3 q: 1.139346648 visits: 9 ucb1: 13.784572726209554
Agent: 1 Internal State: 1 Iterations: 10
Action: 3 q: -3.523050036 visits: 9 ucb1: 9.122176042209555
Configuration: [0 0 1 0 0 1]
Step:  13 Fires: [0 0 0] Suppressants: [1 1]
Agent: 0 Internal State: 1 Iterations: 10
Action: 3 q: 0.7031368079999999 visits: 9 ucb1: 13.348362886209554
Agent: 1 Internal State: 1 Iterations: 10
Action: 3 q: 1.8994120199999998 visits: 9 ucb1: 14.544638098209553
Configuration: [0 0 1 0 0 1]
Step:  14 Fires: [0 0 0] Suppressants: [1 1]
Agent: 0 Internal State: 1 Iterations: 10
Action: 3 q: -0.08560193399999999 visits: 9 ucb1: 12.559624144209554
Agent: 1 Internal State: 1 Iterations: 10
Action: 3 q: 1.3433228819999998 visits: 9 ucb1: 13.988548960209554
Configuration: [0 0 1 0 0 1]
Step:  15 Fires: [0 0 0] Suppressants: [1 1]
Agent: 0 Internal State: 1 Iterations: 10
Action: 3 q: 3.240454536 visits: 9 ucb1: 15.885680614209553
Agent: 1 Internal State: 1 Iterations: 10
Action: 3 q: -5.606128439999999 visits: 9 ucb1: 7.0390976382095545
Configuration: [0 0 1 0 0 1]
Step:  1 Fires: [2 2 2] Suppressants: [2 2]
Agent: 0 Internal State: 2 Iterations: 10
Action: 0 q: 17.3450822424 visits: 5 ucb1: 34.31043330343778
Action: 1 q: 6.15153589875 visits: 2 ucb1: 32.97611122736684
Action: 3 q: 5.016488499 visits: 2 ucb1: 31.84106382761684
Agent: 1 Internal State: 2 Iterations: 10
Action: 1 q: 14.462514165 visits: 3 ucb1: 36.364688205653884
Action: 2 q: 18.8353335225 visits: 4 ucb1: 37.803172639814335
Action: 3 q: 7.3594001250000005 visits: 2 ucb1: 34.18397545361684
Configuration: [1 0 0 0 1 0]
Step:  2 Fires: [1 3 1] Suppressants: [2 2]
Agent: 0 Internal State: 2 Iterations: 10
Action: 0 q: 30.136781499375 visits: 4 ucb1: 49.10462061668933
Action: 1 q: 21.163983932 visits: 3 ucb1: 43.06615797265388
Action: 3 q: 26.062116418 visits: 2 ucb1: 52.88669174661684
Agent: 1 Internal State: 2 Iterations: 10
Action: 1 q: 17.022441065 visits: 2 ucb1: 43.84701639361684
Action: 2 q: 31.492548456 visits: 5 ucb1: 48.45789951703778
Action: 3 q: 21.457836397 visits: 2 ucb1: 48.28241172561684
Configuration: [1 0 0 0 1 0]
Step:  3 Fires: [0 4 0] Suppressants: [1 2]
Agent: 0 Internal State: 1 Iterations: 10
Action: 3 q: 0.43124399999999996 visits: 9 ucb1: 13.076470078209553
Agent: 1 Internal State: 2 Iterations: 10
Action: 3 q: 2.548693422 visits: 9 ucb1: 15.193919500209553
Configuration: [0 0 1 0 0 1]
Step:  4 Fires: [0 4 0] Suppressants: [1 2]
Agent: 0 Internal State: 1 Iterations: 10
Action: 3 q: -0.021562199999999997 visits: 9 ucb1: 12.623663878209554
Agent: 1 Internal State: 2 Iterations: 10
Action: 3 q: 1.2721698000000001 visits: 9 ucb1: 13.917395878209554
Configuration: [0 0 1 0 0 1]
Step:  5 Fires: [0 4 0] Suppressants: [1 2]
Agent: 0 Internal State: 1 Iterations: 10
Action: 3 q: -4.70051604 visits: 9 ucb1: 7.9447100382095535
Agent: 1 Internal State: 2 Iterations: 10
Action: 3 q: 0.7680433860000001 visits: 9 ucb1: 13.413269464209554
Configuration: [0 0 1 0 0 1]
Step:  6 Fires: [0 4 0] Suppressants: [1 2]
Agent: 0 Internal State: 1 Iterations: 10
Action: 3 q: 0.38358936000000005 visits: 9 ucb1: 13.028815438209554
Agent: 1 Internal State: 2 Iterations: 10
Action: 3 q: 1.2510388439999998 visits: 9 ucb1: 13.896264922209554
Configuration: [0 0 1 0 0 1]
Step:  7 Fires: [0 4 0] Suppressants: [1 2]
Agent: 0 Internal State: 1 Iterations: 10
Action: 3 q: 0.8241508439999999 visits: 9 ucb1: 13.469376922209554
Agent: 1 Internal State: 2 Iterations: 10
Action: 3 q: -0.151155378 visits: 9 ucb1: 12.494070700209553
Configuration: [0 0 1 0 0 1]
Step:  8 Fires: [0 4 0] Suppressants: [1 2]
Agent: 0 Internal State: 1 Iterations: 10
Action: 3 q: 2.57443956 visits: 9 ucb1: 15.219665638209554
Agent: 1 Internal State: 2 Iterations: 10
Action: 3 q: 1.186178004 visits: 9 ucb1: 13.831404082209554
Configuration: [0 0 1 0 0 1]
Step:  9 Fires: [0 4 0] Suppressants: [1 2]
Agent: 0 Internal State: 1 Iterations: 10
Action: 3 q: 3.4109657999999996 visits: 9 ucb1: 16.056191878209553
Agent: 1 Internal State: 2 Iterations: 10
Action: 3 q: 4.28207868 visits: 9 ucb1: 16.927304758209555
Configuration: [0 0 1 0 0 1]
Step:  10 Fires: [0 4 0] Suppressants: [1 2]
Agent: 0 Internal State: 1 Iterations: 10
Action: 3 q: 0.4269315600000001 visits: 9 ucb1: 13.072157638209553
Agent: 1 Internal State: 2 Iterations: 10
Action: 3 q: -2.507429034 visits: 9 ucb1: 10.137797044209554
Configuration: [0 0 1 0 0 1]
Step:  11 Fires: [0 4 0] Suppressants: [1 2]
Agent: 0 Internal State: 1 Iterations: 10
Action: 3 q: 1.639029942 visits: 9 ucb1: 14.284256020209554
Agent: 1 Internal State: 2 Iterations: 10
Action: 3 q: 0.8107365420000001 visits: 9 ucb1: 13.455962620209554
Configuration: [0 0 1 0 0 1]
Step:  12 Fires: [0 4 0] Suppressants: [1 2]
Agent: 0 Internal State: 1 Iterations: 10
Action: 3 q: 0.26396271000000004 visits: 9 ucb1: 12.909188788209553
Agent: 1 Internal State: 2 Iterations: 10
Action: 3 q: 0.344993022 visits: 9 ucb1: 12.990219100209554
Configuration: [0 0 1 0 0 1]
Step:  13 Fires: [0 4 0] Suppressants: [1 2]
Agent: 0 Internal State: 1 Iterations: 10
Action: 3 q: -15.1590978 visits: 9 ucb1: -2.513871721790446
Agent: 1 Internal State: 2 Iterations: 10
Action: 3 q: 0.40515155999999997 visits: 9 ucb1: 13.050377638209554
Configuration: [0 0 1 0 0 1]
Step:  14 Fires: [0 4 0] Suppressants: [1 2]
Agent: 0 Internal State: 1 Iterations: 10
Action: 3 q: 1.6994912219999998 visits: 9 ucb1: 14.344717300209554
Agent: 1 Internal State: 2 Iterations: 10
Action: 3 q: 2.5659018000000007 visits: 9 ucb1: 15.211127878209554
Configuration: [0 0 1 0 0 1]
Step:  15 Fires: [0 4 0] Suppressants: [1 2]
Agent: 0 Internal State: 1 Iterations: 10
Action: 3 q: 0.8320831200000001 visits: 9 ucb1: 13.477309198209554
Agent: 1 Internal State: 2 Iterations: 10
Action: 3 q: 1.2210673860000003 visits: 9 ucb1: 13.866293464209555
Configuration: [0 0 1 0 0 1]
Step:  1 Fires: [2 2 2] Suppressants: [2 2]
Agent: 0 Internal State: 2 Iterations: 10
Action: 0 q: 13.780171679999999 visits: 3 ucb1: 35.682345720653885
Action: 1 q: 13.991440056000002 visits: 3 ucb1: 35.893614096653884
Action: 3 q: 11.90713524 visits: 3 ucb1: 33.809309280653885
Agent: 1 Internal State: 2 Iterations: 10
Action: 1 q: 20.1890421315 visits: 4 ucb1: 39.15688124881433
Action: 2 q: 9.3723384975 visits: 2 ucb1: 36.19691382611684
Action: 3 q: 12.4079334885 visits: 3 ucb1: 34.31010752915388
Configuration: [0 1 0 1 0 0]
Step:  2 Fires: [3 1 3] Suppressants: [1 1]
Agent: 0 Internal State: 1 Iterations: 10
Action: 0 q: 2.985181297499999 visits: 1 ucb1: 40.92085953212866
Action: 1 q: 36.33834155178572 visits: 7 ucb1: 50.67668018398475
Action: 3 q: 7.017496200000001 visits: 1 ucb1: 44.953174434628664
Agent: 1 Internal State: 1 Iterations: 10
Action: 1 q: 35.736304350000005 visits: 6 ucb1: 51.22348013687433
Action: 2 q: 17.690530175 visits: 2 ucb1: 44.51510550361684
Action: 3 q: 2.9363002 visits: 1 ucb1: 40.87197843462866
Configuration: [0 1 0 1 0 0]
Step:  3 Fires: [3 0 3] Suppressants: [1 1]
Agent: 0 Internal State: 1 Iterations: 10
Action: 0 q: 14.448791248214285 visits: 7 ucb1: 28.787129880413318
Action: 3 q: 0.9330628180000001 visits: 2 ucb1: 27.75763814661684
Agent: 1 Internal State: 1 Iterations: 10
Action: 2 q: 10.02017004 visits: 5 ucb1: 26.985521101037783
Action: 3 q: 7.496083087 visits: 4 ucb1: 26.46392220431433
Configuration: [1 0 0 0 1 0]
Step:  4 Fires: [2 0 2] Suppressants: [1 0]
Agent: 0 Internal State: 1 Iterations: 10
Action: 0 q: 19.393133375 visits: 6 ucb1: 34.88030916187433
Action: 3 q: 13.631835558000002 visits: 3 ucb1: 35.53400959865389
Agent: 1 Internal State: 0 Iterations: 10
Action: 3 q: 19.273333603333334 visits: 9 ucb1: 31.918559681542888
Configuration: [1 0 0 0 0 1]
Step:  5 Fires: [1 2 3] Suppressants: [1 2]
Agent: 0 Internal State: 1 Iterations: 10
Action: 0 q: 26.047874612100003 visits: 5 ucb1: 43.01322567313778
Action: 1 q: 24.05256473333333 visits: 3 ucb1: 45.954738773987216
Action: 3 q: -0.9841392019999999 visits: 1 ucb1: 36.95153903262866
Agent: 1 Internal State: 2 Iterations: 10
Action: 1 q: 23.032628042666666 visits: 3 ucb1: 44.93480208332055
Action: 2 q: 21.9373138125 visits: 4 ucb1: 40.905152929814335
Action: 3 q: 16.0594551 visits: 2 ucb1: 42.88403042861684
Configuration: [1 0 0 1 0 0]
Step:  6 Fires: [0 3 3] Suppressants: [1 2]
Agent: 0 Internal State: 1 Iterations: 10
Action: 1 q: 4.834688456000001 visits: 5 ucb1: 21.80003951703778
Action: 3 q: 1.977835659 visits: 4 ucb1: 20.94567477631433
Agent: 1 Internal State: 2 Iterations: 10
Action: 1 q: 14.949217173124996 visits: 4 ucb1: 33.91705629043933
Action: 2 q: 3.3903520199999995 visits: 2 ucb1: 30.21492734861684
Action: 3 q: 4.114261266666666 visits: 3 ucb1: 26.01643530732055
Configuration: [0 1 0 1 0 0]
Step:  7 Fires: [0 2 3] Suppressants: [1 1]
Agent: 0 Internal State: 1 Iterations: 10
Action: 1 q: 8.967196012166667 visits: 6 ucb1: 24.454371799040995
Action: 3 q: 6.195962782666667 visits: 3 ucb1: 28.09813682332055
Agent: 1 Internal State: 1 Iterations: 10
Action: 1 q: 3.9254377862499994 visits: 4 ucb1: 22.89327690356433
Action: 2 q: 2.7605820825 visits: 3 ucb1: 24.662756123153883
Action: 3 q: -14.061957331000004 visits: 2 ucb1: 12.762617997616836
Configuration: [0 1 0 1 0 0]
Step:  8 Fires: [0 1 3] Suppressants: [1 1]
Agent: 0 Internal State: 1 Iterations: 10
Action: 1 q: 36.122531749687504 visits: 8 ucb1: 49.534819413995926
Action: 3 q: 12.939200998 visits: 1 ucb1: 50.874879232628665
Agent: 1 Internal State: 1 Iterations: 10
Action: 1 q: 32.86933901714286 visits: 7 ucb1: 47.207677649341896
Action: 2 q: -0.96059601 visits: 1 ucb1: 36.975082224628665
Action: 3 q: 8.609960099999999 visits: 1 ucb1: 46.54563833462866
Configuration: [0 1 0 1 0 0]
Step:  9 Fires: [0 1 3] Suppressants: [1 1]
Agent: 0 Internal State: 1 Iterations: 10
Action: 1 q: 25.5985984434375 visits: 8 ucb1: 39.01088610774592
Action: 3 q: 3.285196 visits: 1 ucb1: 41.22087423462866
Agent: 1 Internal State: 1 Iterations: 10
Action: 1 q: 21.987869997999997 visits: 6 ucb1: 37.475045784874325
Action: 2 q: -1.2905303399999999 visits: 1 ucb1: 36.645147894628664
Action: 3 q: 3.825953922750001 visits: 2 ucb1: 30.65052925136684
Configuration: [0 1 0 1 0 0]
Step:  10 Fires: [0 0 3] Suppressants: [1 0]
Agent: 0 Internal State: 1 Iterations: 10
Action: 3 q: -6.34811460888889 visits: 9 ucb1: 6.297111469320663
Agent: 1 Internal State: 0 Iterations: 10
Action: 3 q: -3.372154022777778 visits: 9 ucb1: 9.273072055431776
Configuration: [0 0 1 0 0 1]
Step:  11 Fires: [0 0 3] Suppressants: [1 0]
Agent: 0 Internal State: 1 Iterations: 10
Action: 3 q: 3.562641279111111 visits: 9 ucb1: 16.207867357320666
Agent: 1 Internal State: 0 Iterations: 10
Action: 3 q: 0.6370117161111108 visits: 9 ucb1: 13.282237794320665
Configuration: [0 0 1 0 0 1]
Step:  12 Fires: [0 0 3] Suppressants: [1 0]
Agent: 0 Internal State: 1 Iterations: 10
Action: 3 q: 1.3198543586666667 visits: 9 ucb1: 13.965080436876221
Agent: 1 Internal State: 0 Iterations: 10
Action: 3 q: 3.202274516666667 visits: 9 ucb1: 15.847500594876221
Configuration: [0 0 1 0 0 1]
Step:  13 Fires: [0 0 3] Suppressants: [1 2]
Agent: 0 Internal State: 1 Iterations: 10
Action: 3 q: 4.536914930666667 visits: 9 ucb1: 17.182141008876222
Agent: 1 Internal State: 2 Iterations: 10
Action: 2 q: 17.096374349999998 visits: 6 ucb1: 32.58355013687432
Action: 3 q: 7.3796091566666675 visits: 3 ucb1: 29.281783197320554
Configuration: [0 0 1 0 1 0]
Step:  14 Fires: [0 0 2] Suppressants: [1 2]
Agent: 0 Internal State: 1 Iterations: 10
Action: 3 q: -2.876450632 visits: 9 ucb1: 9.768775446209554
Agent: 1 Internal State: 2 Iterations: 10
Action: 2 q: 19.263884592857142 visits: 7 ucb1: 33.60222322505617
Action: 3 q: 3.5502945390000002 visits: 2 ucb1: 30.37486986761684
Configuration: [0 0 1 0 1 0]
Step:  15 Fires: [0 0 1] Suppressants: [1 1]
Agent: 0 Internal State: 1 Iterations: 10
Action: 3 q: 7.8280630260000015 visits: 9 ucb1: 20.473289104209556
Agent: 1 Internal State: 1 Iterations: 10
Action: 2 q: 19.885804332916667 visits: 6 ucb1: 35.372980119790995
Action: 3 q: 11.547466326000002 visits: 3 ucb1: 33.44964036665389
Configuration: [0 0 1 0 1 0]
Job statistics saved to /lustre/work/soh/alirezas/run1/OASYS/scripts/wildfire/job_statistics_{1}_1}_{5}_{0.0}_{10}_{5}_{25}_{5}.csv.
